2020-07-30 15:05:31 - Starting C:\Program Files\nodejs\node.exe  --harmony --max_old_space_size=4096 C:\Users\User\Documents\Projects\APHL\Github\data-monitoring-client\node_modules\node-windows\lib\wrapper.js --file C:\Users\User\Documents\Projects\APHL\Github\data-monitoring-client\src\server.js --scriptoptions= --log "Data Monitoring wrapper" --grow 0.25 --wait 1 --maxrestarts 3 --abortonerror n --stopparentfirst undefined
2020-07-30 15:05:31 - Started 23296
2020-07-30 15:07:46 - Starting C:\Program Files\nodejs\node.exe  --harmony --max_old_space_size=4096 C:\Users\User\Documents\Projects\APHL\Github\data-monitoring-client\node_modules\node-windows\lib\wrapper.js --file C:\Users\User\Documents\Projects\APHL\Github\data-monitoring-client\src\server.js --scriptoptions= --log "Data Monitoring wrapper" --grow 0.25 --wait 1 --maxrestarts 3 --abortonerror n --stopparentfirst undefined
2020-07-30 15:07:46 - Started 22736
2020-07-30 15:13:28 - Starting C:\Program Files\nodejs\node.exe  --harmony --max_old_space_size=4096 C:\Users\User\Documents\Projects\APHL\Github\data-monitoring-client\node_modules\node-windows\lib\wrapper.js --file C:\Users\User\Documents\Projects\APHL\Github\data-monitoring-client\src\server.js --scriptoptions= --log "Data Monitoring wrapper" --grow 0.25 --wait 1 --maxrestarts 3 --abortonerror n --stopparentfirst undefined
2020-07-30 15:13:28 - Started 72
2020-07-30 15:15:29 - Stopping datamonitoring.exe
2020-07-30 15:15:29 - ProcessKill 72
2020-07-30 15:15:30 - Found child process: 18064 Name: conhost.exe
2020-07-30 15:15:30 - Found child process: 2108 Name: node.exe
2020-07-30 15:15:30 - Stopping process 18064
2020-07-30 15:15:30 - Send SIGINT 18064
2020-07-30 15:15:30 - SIGINT to 18064 failed - Killing as fallback
2020-07-30 15:15:30 - Stopping process 2108
2020-07-30 15:15:30 - Send SIGINT 2108
2020-07-30 15:15:30 - SIGINT to 2108 failed - Killing as fallback
2020-07-30 15:15:30 - Stopping process 72
2020-07-30 15:15:30 - Send SIGINT 72
2020-07-30 15:15:30 - SIGINT to 72 failed - Killing as fallback
2020-07-30 15:15:30 - Finished datamonitoring.exe
2020-07-30 15:16:26 - Starting C:\Program Files\nodejs\node.exe  --harmony --max_old_space_size=4096 C:\Users\User\Documents\Projects\APHL\Github\data-monitoring-client\node_modules\node-windows\lib\wrapper.js --file C:\Users\User\Documents\Projects\APHL\Github\data-monitoring-client\src\server.js --scriptoptions= --log "Data Monitoring wrapper" --grow 0.25 --wait 1 --maxrestarts 3 --abortonerror n --stopparentfirst undefined
2020-07-30 15:16:26 - Started 7604
2020-07-31 08:55:49 - Starting C:\Program Files\nodejs\node.exe  --harmony --max_old_space_size=4096 C:\Users\User\Documents\Projects\APHL\Github\data-monitoring-client\node_modules\node-windows\lib\wrapper.js --file C:\Users\User\Documents\Projects\APHL\Github\data-monitoring-client\src\server.js --scriptoptions= --log "Data Monitoring wrapper" --grow 0.25 --wait 1 --maxrestarts 3 --abortonerror n --stopparentfirst undefined
2020-07-31 08:55:49 - Started 8776
2020-08-02 21:06:15 - Stopping datamonitoring.exe
2020-08-02 21:06:15 - ProcessKill 8776
2020-08-02 21:06:15 - Shutdown exception
Message:A system shutdown is in progress.

Stacktrace:   at System.Runtime.InteropServices.Marshal.ThrowExceptionForHRInternal(Int32 errorCode, IntPtr errorInfo)
   at System.Management.ManagementScope.InitializeGuts(Object o)
   at System.Management.ManagementScope.Initialize()
   at System.Management.ManagementObjectSearcher.Initialize()
   at System.Management.ManagementObjectSearcher.Get()
   at winsw.WrapperService.GetChildPids(Int32 pid)
   at winsw.WrapperService.StopProcessAndChildren(Int32 pid)
   at winsw.WrapperService.StopIt()
   at winsw.WrapperService.OnShutdown()
2020-08-02 21:07:12 - Starting C:\Program Files\nodejs\node.exe  --harmony --max_old_space_size=4096 C:\Users\User\Documents\Projects\APHL\Github\data-monitoring-client\node_modules\node-windows\lib\wrapper.js --file C:\Users\User\Documents\Projects\APHL\Github\data-monitoring-client\src\server.js --scriptoptions= --log "Data Monitoring wrapper" --grow 0.25 --wait 1 --maxrestarts 3 --abortonerror n --stopparentfirst undefined
2020-08-02 21:07:12 - Started 8516
2020-08-03 09:19:37 - Starting C:\Program Files\nodejs\node.exe  --harmony --max_old_space_size=4096 C:\Users\User\Documents\Projects\APHL\Github\data-monitoring-client\node_modules\node-windows\lib\wrapper.js --file C:\Users\User\Documents\Projects\APHL\Github\data-monitoring-client\src\server.js --scriptoptions= --log "Data Monitoring wrapper" --grow 0.25 --wait 1 --maxrestarts 3 --abortonerror n --stopparentfirst undefined
2020-08-03 09:19:37 - Started 8564
2020-08-04 14:30:05 - Stopping datamonitoring.exe
2020-08-04 14:30:05 - ProcessKill 8564
2020-08-04 14:30:06 - Found child process: 8664 Name: conhost.exe
2020-08-04 14:30:06 - Found child process: 9880 Name: node.exe
2020-08-04 14:30:06 - Stopping process 8664
2020-08-04 14:30:06 - Send SIGINT 8664
2020-08-04 14:30:06 - SIGINT to 8664 failed - Killing as fallback
2020-08-04 14:30:06 - Stopping process 9880
2020-08-04 14:30:06 - Send SIGINT 9880
2020-08-04 14:30:06 - SIGINT to 9880 failed - Killing as fallback
2020-08-04 14:30:06 - Stopping process 8564
2020-08-04 14:30:06 - Send SIGINT 8564
2020-08-04 14:30:06 - SIGINT to 8564 failed - Killing as fallback
2020-08-04 14:30:06 - Finished datamonitoring.exe
2020-08-05 18:16:22 - Starting C:\Program Files\nodejs\node.exe  --harmony --max_old_space_size=4096 C:\Users\User\Documents\Projects\APHL\Github\data-monitoring-client\node_modules\node-windows\lib\wrapper.js --file C:\Users\User\Documents\Projects\APHL\Github\data-monitoring-client\src\server.js --scriptoptions= --log "Data Monitoring wrapper" --grow 0.25 --wait 1 --maxrestarts 3 --abortonerror n --stopparentfirst undefined
2020-08-05 18:16:25 - Started 7756
2020-08-06 05:59:06 - Starting C:\Program Files\nodejs\node.exe  --harmony --max_old_space_size=4096 C:\Users\User\Documents\Projects\APHL\Github\data-monitoring-client\node_modules\node-windows\lib\wrapper.js --file C:\Users\User\Documents\Projects\APHL\Github\data-monitoring-client\src\server.js --scriptoptions= --log "Data Monitoring wrapper" --grow 0.25 --wait 1 --maxrestarts 3 --abortonerror n --stopparentfirst undefined
2020-08-06 05:59:06 - Started 9784
2020-08-06 11:37:03 - Starting C:\Program Files\nodejs\node.exe  --harmony --max_old_space_size=4096 C:\Users\User\Documents\Projects\APHL\Github\data-monitoring-client\node_modules\node-windows\lib\wrapper.js --file C:\Users\User\Documents\Projects\APHL\Github\data-monitoring-client\src\server.js --scriptoptions= --log "Data Monitoring wrapper" --grow 0.25 --wait 1 --maxrestarts 3 --abortonerror n --stopparentfirst undefined
2020-08-06 11:37:03 - Started 8596
2020-08-09 09:25:40 - Starting C:\Program Files\nodejs\node.exe  --harmony --max_old_space_size=4096 C:\Users\User\Documents\Projects\APHL\Github\data-monitoring-client\node_modules\node-windows\lib\wrapper.js --file C:\Users\User\Documents\Projects\APHL\Github\data-monitoring-client\src\server.js --scriptoptions= --log "Data Monitoring wrapper" --grow 0.25 --wait 1 --maxrestarts 3 --abortonerror n --stopparentfirst undefined
2020-08-09 09:25:40 - Started 8888
2020-08-09 12:15:02 - Starting C:\Program Files\nodejs\node.exe  --harmony --max_old_space_size=4096 C:\Users\User\Documents\Projects\APHL\Github\data-monitoring-client\node_modules\node-windows\lib\wrapper.js --file C:\Users\User\Documents\Projects\APHL\Github\data-monitoring-client\src\server.js --scriptoptions= --log "Data Monitoring wrapper" --grow 0.25 --wait 1 --maxrestarts 3 --abortonerror n --stopparentfirst undefined
2020-08-09 12:15:02 - Started 8556
2020-08-12 14:08:22 - Starting C:\Program Files\nodejs\node.exe  --harmony --max_old_space_size=4096 C:\Users\User\Documents\Projects\APHL\Github\data-monitoring-client\node_modules\node-windows\lib\wrapper.js --file C:\Users\User\Documents\Projects\APHL\Github\data-monitoring-client\src\server.js --scriptoptions= --log "Data Monitoring wrapper" --grow 0.25 --wait 1 --maxrestarts 3 --abortonerror n --stopparentfirst undefined
2020-08-12 14:08:22 - Started 8532
2020-08-13 16:25:19 - Stopping datamonitoring.exe
2020-08-13 16:25:19 - ProcessKill 8532
2020-08-13 16:25:20 - Shutdown exception
Message:A system shutdown is in progress.

Stacktrace:   at System.Runtime.InteropServices.Marshal.ThrowExceptionForHRInternal(Int32 errorCode, IntPtr errorInfo)
   at System.Management.ManagementScope.InitializeGuts(Object o)
   at System.Management.ManagementScope.Initialize()
   at System.Management.ManagementObjectSearcher.Initialize()
   at System.Management.ManagementObjectSearcher.Get()
   at winsw.WrapperService.GetChildPids(Int32 pid)
   at winsw.WrapperService.StopProcessAndChildren(Int32 pid)
   at winsw.WrapperService.StopIt()
   at winsw.WrapperService.OnShutdown()
2020-08-13 16:26:03 - Starting C:\Program Files\nodejs\node.exe  --harmony --max_old_space_size=4096 C:\Users\User\Documents\Projects\APHL\Github\data-monitoring-client\node_modules\node-windows\lib\wrapper.js --file C:\Users\User\Documents\Projects\APHL\Github\data-monitoring-client\src\server.js --scriptoptions= --log "Data Monitoring wrapper" --grow 0.25 --wait 1 --maxrestarts 3 --abortonerror n --stopparentfirst undefined
2020-08-13 16:26:04 - Started 8932
2020-08-16 14:23:57 - Starting C:\Program Files\nodejs\node.exe  --harmony --max_old_space_size=4096 C:\Users\User\Documents\Projects\APHL\Github\data-monitoring-client\node_modules\node-windows\lib\wrapper.js --file C:\Users\User\Documents\Projects\APHL\Github\data-monitoring-client\src\server.js --scriptoptions= --log "Data Monitoring wrapper" --grow 0.25 --wait 1 --maxrestarts 3 --abortonerror n --stopparentfirst undefined
2020-08-16 14:23:57 - Started 8596
2020-08-16 21:20:19 - Stopping datamonitoring.exe
2020-08-16 21:20:19 - ProcessKill 8596
2020-08-16 21:20:20 - Shutdown exception
Message:A system shutdown is in progress.

Stacktrace:   at System.Runtime.InteropServices.Marshal.ThrowExceptionForHRInternal(Int32 errorCode, IntPtr errorInfo)
   at System.Management.ManagementScope.InitializeGuts(Object o)
   at System.Management.ManagementScope.Initialize()
   at System.Management.ManagementObjectSearcher.Initialize()
   at System.Management.ManagementObjectSearcher.Get()
   at winsw.WrapperService.GetChildPids(Int32 pid)
   at winsw.WrapperService.StopProcessAndChildren(Int32 pid)
   at winsw.WrapperService.StopIt()
   at winsw.WrapperService.OnShutdown()
2020-08-16 21:20:56 - Starting C:\Program Files\nodejs\node.exe  --harmony --max_old_space_size=4096 C:\Users\User\Documents\Projects\APHL\Github\data-monitoring-client\node_modules\node-windows\lib\wrapper.js --file C:\Users\User\Documents\Projects\APHL\Github\data-monitoring-client\src\server.js --scriptoptions= --log "Data Monitoring wrapper" --grow 0.25 --wait 1 --maxrestarts 3 --abortonerror n --stopparentfirst undefined
2020-08-16 21:20:56 - Started 8656
2020-08-17 14:29:37 - Stopping datamonitoring.exe
2020-08-17 14:29:37 - ProcessKill 8656
2020-08-17 14:29:38 - Found child process: 8724 Name: conhost.exe
2020-08-17 14:29:38 - Found child process: 2248 Name: node.exe
2020-08-17 14:29:38 - Stopping process 8724
2020-08-17 14:29:38 - Send SIGINT 8724
2020-08-17 14:29:38 - SIGINT to 8724 failed - Killing as fallback
2020-08-17 14:29:38 - Stopping process 2248
2020-08-17 14:29:38 - Send SIGINT 2248
2020-08-17 14:29:38 - SIGINT to 2248 failed - Killing as fallback
2020-08-17 14:29:38 - Stopping process 8656
2020-08-17 14:29:38 - Send SIGINT 8656
2020-08-17 14:29:38 - SIGINT to 8656 failed - Killing as fallback
2020-08-17 14:29:38 - Finished datamonitoring.exe
2020-08-17 14:29:39 - Starting C:\Program Files\nodejs\node.exe  --harmony --max_old_space_size=4096 C:\Users\User\Documents\Projects\APHL\Github\data-monitoring-client\node_modules\node-windows\lib\wrapper.js --file C:\Users\User\Documents\Projects\APHL\Github\data-monitoring-client\src\server.js --scriptoptions= --log "Data Monitoring wrapper" --grow 0.25 --wait 1 --maxrestarts 3 --abortonerror n --stopparentfirst undefined
2020-08-17 14:29:39 - Started 20200
2020-08-17 14:30:43 - Stopping datamonitoring.exe
2020-08-17 14:30:43 - ProcessKill 20200
2020-08-17 14:30:44 - Found child process: 20232 Name: conhost.exe
2020-08-17 14:30:44 - Found child process: 24132 Name: node.exe
2020-08-17 14:30:44 - Stopping process 20232
2020-08-17 14:30:44 - Send SIGINT 20232
2020-08-17 14:30:44 - SIGINT to 20232 failed - Killing as fallback
2020-08-17 14:30:44 - Stopping process 24132
2020-08-17 14:30:44 - Send SIGINT 24132
2020-08-17 14:30:44 - SIGINT to 24132 failed - Killing as fallback
2020-08-17 14:30:44 - Stopping process 20200
2020-08-17 14:30:44 - Send SIGINT 20200
2020-08-17 14:30:44 - SIGINT to 20200 failed - Killing as fallback
2020-08-17 14:30:44 - Finished datamonitoring.exe
2020-08-17 14:30:45 - Starting C:\Program Files\nodejs\node.exe  --harmony --max_old_space_size=4096 C:\Users\User\Documents\Projects\APHL\Github\data-monitoring-client\node_modules\node-windows\lib\wrapper.js --file C:\Users\User\Documents\Projects\APHL\Github\data-monitoring-client\src\server.js --scriptoptions= --log "Data Monitoring wrapper" --grow 0.25 --wait 1 --maxrestarts 3 --abortonerror n --stopparentfirst undefined
2020-08-17 14:30:45 - Started 3684
2020-08-17 15:00:02 - Stopping datamonitoring.exe
2020-08-17 15:00:02 - ProcessKill 3684
2020-08-17 15:00:02 - Found child process: 7460 Name: conhost.exe
2020-08-17 15:00:02 - Found child process: 5676 Name: node.exe
2020-08-17 15:00:03 - Stopping process 7460
2020-08-17 15:00:03 - Send SIGINT 7460
2020-08-17 15:00:03 - SIGINT to 7460 failed - Killing as fallback
2020-08-17 15:00:03 - Stopping process 5676
2020-08-17 15:00:03 - Send SIGINT 5676
2020-08-17 15:00:03 - SIGINT to 5676 failed - Killing as fallback
2020-08-17 15:00:03 - Stopping process 3684
2020-08-17 15:00:03 - Send SIGINT 3684
2020-08-17 15:00:03 - SIGINT to 3684 failed - Killing as fallback
2020-08-17 15:00:03 - Finished datamonitoring.exe
2020-08-17 15:00:04 - Starting C:\Program Files\nodejs\node.exe  --harmony --max_old_space_size=4096 C:\Users\User\Documents\Projects\APHL\Github\data-monitoring-client\node_modules\node-windows\lib\wrapper.js --file C:\Users\User\Documents\Projects\APHL\Github\data-monitoring-client\src\server.js --scriptoptions= --log "Data Monitoring wrapper" --grow 0.25 --wait 1 --maxrestarts 3 --abortonerror n --stopparentfirst undefined
2020-08-17 15:00:04 - Started 16664
2020-08-17 15:02:37 - Stopping datamonitoring.exe
2020-08-17 15:02:37 - ProcessKill 16664
2020-08-17 15:02:37 - Found child process: 4280 Name: conhost.exe
2020-08-17 15:02:37 - Found child process: 10368 Name: node.exe
2020-08-17 15:02:37 - Stopping process 4280
2020-08-17 15:02:37 - Send SIGINT 4280
2020-08-17 15:02:37 - SIGINT to 4280 failed - Killing as fallback
2020-08-17 15:02:37 - Stopping process 10368
2020-08-17 15:02:37 - Send SIGINT 10368
2020-08-17 15:02:37 - SIGINT to 10368 failed - Killing as fallback
2020-08-17 15:02:37 - Stopping process 16664
2020-08-17 15:02:37 - Send SIGINT 16664
2020-08-17 15:02:37 - SIGINT to 16664 failed - Killing as fallback
2020-08-17 15:02:37 - Finished datamonitoring.exe
2020-08-17 15:02:38 - Starting C:\Program Files\nodejs\node.exe  --harmony --max_old_space_size=4096 C:\Users\User\Documents\Projects\APHL\Github\data-monitoring-client\node_modules\node-windows\lib\wrapper.js --file C:\Users\User\Documents\Projects\APHL\Github\data-monitoring-client\src\server.js --scriptoptions= --log "Data Monitoring wrapper" --grow 0.25 --wait 1 --maxrestarts 3 --abortonerror n --stopparentfirst undefined
2020-08-17 15:02:38 - Started 25624
2020-08-17 15:05:24 - Starting C:\Program Files\nodejs\node.exe  --harmony --max_old_space_size=4096 C:\Users\User\Documents\Projects\APHL\Github\data-monitoring-client\node_modules\node-windows\lib\wrapper.js --file C:\Users\User\Documents\Projects\APHL\Github\data-monitoring-client\src\server.js --scriptoptions= --log "Data Monitoring wrapper" --grow 0.25 --wait 1 --maxrestarts 3 --abortonerror n --stopparentfirst undefined
2020-08-17 15:05:24 - Started 12184
2020-08-17 15:05:28 - Stopping datamonitoring.exe
2020-08-17 15:05:28 - ProcessKill 12184
2020-08-17 15:05:28 - Found child process: 26192 Name: conhost.exe
2020-08-17 15:05:28 - Stopping process 26192
2020-08-17 15:05:28 - Send SIGINT 26192
2020-08-17 15:05:28 - SIGINT to 26192 failed - Killing as fallback
2020-08-17 15:05:28 - Stopping process 12184
2020-08-17 15:05:28 - Send SIGINT 12184
2020-08-17 15:05:28 - SIGINT to 12184 failed - Killing as fallback
2020-08-17 15:05:28 - Finished datamonitoring.exe
2020-08-17 15:05:29 - Starting C:\Program Files\nodejs\node.exe  --harmony --max_old_space_size=4096 C:\Users\User\Documents\Projects\APHL\Github\data-monitoring-client\node_modules\node-windows\lib\wrapper.js --file C:\Users\User\Documents\Projects\APHL\Github\data-monitoring-client\src\server.js --scriptoptions= --log "Data Monitoring wrapper" --grow 0.25 --wait 1 --maxrestarts 3 --abortonerror n --stopparentfirst undefined
2020-08-17 15:05:29 - Started 16188
2020-08-17 15:07:38 - Starting C:\Program Files\nodejs\node.exe  --harmony --max_old_space_size=4096 C:\Users\User\Documents\Projects\APHL\Github\data-monitoring-client\node_modules\node-windows\lib\wrapper.js --file C:\Users\User\Documents\Projects\APHL\Github\data-monitoring-client\src\server.js --scriptoptions= --log "Data Monitoring wrapper" --grow 0.25 --wait 1 --maxrestarts 3 --abortonerror n --stopparentfirst undefined
2020-08-17 15:07:38 - Started 1812
2020-08-17 15:07:42 - Stopping datamonitoring.exe
2020-08-17 15:07:42 - ProcessKill 1812
2020-08-17 15:07:42 - Found child process: 26316 Name: conhost.exe
2020-08-17 15:07:42 - Stopping process 26316
2020-08-17 15:07:42 - Send SIGINT 26316
2020-08-17 15:07:42 - SIGINT to 26316 failed - Killing as fallback
2020-08-17 15:07:42 - Stopping process 1812
2020-08-17 15:07:42 - Send SIGINT 1812
2020-08-17 15:07:42 - SIGINT to 1812 failed - Killing as fallback
2020-08-17 15:07:42 - Finished datamonitoring.exe
2020-08-17 15:07:43 - Starting C:\Program Files\nodejs\node.exe  --harmony --max_old_space_size=4096 C:\Users\User\Documents\Projects\APHL\Github\data-monitoring-client\node_modules\node-windows\lib\wrapper.js --file C:\Users\User\Documents\Projects\APHL\Github\data-monitoring-client\src\server.js --scriptoptions= --log "Data Monitoring wrapper" --grow 0.25 --wait 1 --maxrestarts 3 --abortonerror n --stopparentfirst undefined
2020-08-17 15:07:43 - Started 10496
2020-08-17 15:09:07 - Starting C:\Program Files\nodejs\node.exe  --harmony --max_old_space_size=4096 C:\Users\User\Documents\Projects\APHL\Github\data-monitoring-client\node_modules\node-windows\lib\wrapper.js --file C:\Users\User\Documents\Projects\APHL\Github\data-monitoring-client\src\server.js --scriptoptions= --log "Data Monitoring wrapper" --grow 0.25 --wait 1 --maxrestarts 3 --abortonerror n --stopparentfirst undefined
2020-08-17 15:09:07 - Started 9144
2020-08-17 15:09:11 - Stopping datamonitoring.exe
2020-08-17 15:09:11 - ProcessKill 9144
2020-08-17 15:09:11 - Found child process: 9276 Name: conhost.exe
2020-08-17 15:09:11 - Found child process: 22936 Name: node.exe
2020-08-17 15:09:12 - Stopping process 9276
2020-08-17 15:09:12 - Send SIGINT 9276
2020-08-17 15:09:12 - SIGINT to 9276 failed - Killing as fallback
2020-08-17 15:09:12 - Stopping process 22936
2020-08-17 15:09:12 - Send SIGINT 22936
2020-08-17 15:09:12 - SIGINT to 22936 failed - Killing as fallback
2020-08-17 15:09:12 - Stopping process 9144
2020-08-17 15:09:12 - Send SIGINT 9144
2020-08-17 15:09:12 - SIGINT to 9144 failed - Killing as fallback
2020-08-17 15:09:12 - Stop exception
Message:Access is denied
Stacktrace:   at System.Diagnostics.Process.Kill()
   at winsw.WrapperService.StopProcess(Int32 pid)
   at winsw.WrapperService.StopProcessAndChildren(Int32 pid)
   at winsw.WrapperService.StopIt()
   at winsw.WrapperService.OnStop()
2020-08-17 15:09:13 - Starting C:\Program Files\nodejs\node.exe  --harmony --max_old_space_size=4096 C:\Users\User\Documents\Projects\APHL\Github\data-monitoring-client\node_modules\node-windows\lib\wrapper.js --file C:\Users\User\Documents\Projects\APHL\Github\data-monitoring-client\src\server.js --scriptoptions= --log "Data Monitoring wrapper" --grow 0.25 --wait 1 --maxrestarts 3 --abortonerror n --stopparentfirst undefined
2020-08-17 15:09:13 - Started 18056
2020-08-17 15:11:07 - Starting C:\Program Files\nodejs\node.exe  --harmony --max_old_space_size=4096 C:\Users\User\Documents\Projects\APHL\Github\data-monitoring-client\node_modules\node-windows\lib\wrapper.js --file C:\Users\User\Documents\Projects\APHL\Github\data-monitoring-client\src\server.js --scriptoptions= --log "Data Monitoring wrapper" --grow 0.25 --wait 1 --maxrestarts 3 --abortonerror n --stopparentfirst undefined
2020-08-17 15:11:07 - Started 22924
2020-08-17 15:11:11 - Stopping datamonitoring.exe
2020-08-17 15:11:11 - ProcessKill 22924
2020-08-17 15:11:11 - Found child process: 24992 Name: conhost.exe
2020-08-17 15:11:11 - Stopping process 24992
2020-08-17 15:11:11 - Send SIGINT 24992
2020-08-17 15:11:11 - SIGINT to 24992 failed - Killing as fallback
2020-08-17 15:11:11 - Stopping process 22924
2020-08-17 15:11:11 - Send SIGINT 22924
2020-08-17 15:11:11 - SIGINT to 22924 failed - Killing as fallback
2020-08-17 15:11:11 - Finished datamonitoring.exe
2020-08-17 15:11:12 - Starting C:\Program Files\nodejs\node.exe  --harmony --max_old_space_size=4096 C:\Users\User\Documents\Projects\APHL\Github\data-monitoring-client\node_modules\node-windows\lib\wrapper.js --file C:\Users\User\Documents\Projects\APHL\Github\data-monitoring-client\src\server.js --scriptoptions= --log "Data Monitoring wrapper" --grow 0.25 --wait 1 --maxrestarts 3 --abortonerror n --stopparentfirst undefined
2020-08-17 15:11:12 - Started 18916
2020-08-17 15:14:04 - Starting C:\Program Files\nodejs\node.exe  --harmony --max_old_space_size=4096 C:\Users\User\Documents\Projects\APHL\Github\data-monitoring-client\node_modules\node-windows\lib\wrapper.js --file C:\Users\User\Documents\Projects\APHL\Github\data-monitoring-client\src\server.js --scriptoptions= --log "Data Monitoring wrapper" --grow 0.25 --wait 1 --maxrestarts 3 --abortonerror n --stopparentfirst undefined
2020-08-17 15:14:04 - Started 9152
2020-08-17 15:14:23 - Starting C:\Program Files\nodejs\node.exe  --harmony --max_old_space_size=4096 C:\Users\User\Documents\Projects\APHL\Github\data-monitoring-client\node_modules\node-windows\lib\wrapper.js --file C:\Users\User\Documents\Projects\APHL\Github\data-monitoring-client\src\server.js --scriptoptions= --log "Data Monitoring wrapper" --grow 0.25 --wait 1 --maxrestarts 3 --abortonerror n --stopparentfirst undefined
2020-08-17 15:14:23 - Started 20568
2020-08-17 15:15:11 - Starting C:\Program Files\nodejs\node.exe  --harmony --max_old_space_size=4096 C:\Users\User\Documents\Projects\APHL\Github\data-monitoring-client\node_modules\node-windows\lib\wrapper.js --file C:\Users\User\Documents\Projects\APHL\Github\data-monitoring-client\src\server.js --scriptoptions= --log "Data Monitoring wrapper" --grow 0.25 --wait 1 --maxrestarts 3 --abortonerror n --stopparentfirst undefined
2020-08-17 15:15:11 - Started 1532
2020-08-17 15:15:57 - Starting C:\Program Files\nodejs\node.exe  --harmony --max_old_space_size=4096 C:\Users\User\Documents\Projects\APHL\Github\data-monitoring-client\node_modules\node-windows\lib\wrapper.js --file C:\Users\User\Documents\Projects\APHL\Github\data-monitoring-client\src\server.js --scriptoptions= --log "Data Monitoring wrapper" --grow 0.25 --wait 1 --maxrestarts 3 --abortonerror n --stopparentfirst undefined
2020-08-17 15:15:57 - Started 3168
2020-08-17 15:19:47 - Starting C:\Program Files\nodejs\node.exe  --harmony --max_old_space_size=4096 C:\Users\User\Documents\Projects\APHL\Github\data-monitoring-client\node_modules\node-windows\lib\wrapper.js --file C:\Users\User\Documents\Projects\APHL\Github\data-monitoring-client\src\server.js --scriptoptions= --log "Data Monitoring wrapper" --grow 0.25 --wait 1 --maxrestarts 3 --abortonerror n --stopparentfirst undefined
2020-08-17 15:19:47 - Started 13512
2020-08-17 15:20:51 - Stopping datamonitoring.exe
2020-08-17 15:20:51 - ProcessKill 13512
2020-08-17 15:20:51 - Found child process: 24880 Name: conhost.exe
2020-08-17 15:20:51 - Found child process: 21392 Name: node.exe
2020-08-17 15:20:51 - Stopping process 24880
2020-08-17 15:20:51 - Send SIGINT 24880
2020-08-17 15:20:51 - SIGINT to 24880 failed - Killing as fallback
2020-08-17 15:20:51 - Stopping process 21392
2020-08-17 15:20:51 - Send SIGINT 21392
2020-08-17 15:20:51 - SIGINT to 21392 failed - Killing as fallback
2020-08-17 15:20:51 - Stopping process 13512
2020-08-17 15:20:51 - Send SIGINT 13512
2020-08-17 15:20:51 - SIGINT to 13512 failed - Killing as fallback
2020-08-17 15:20:51 - Finished datamonitoring.exe
2020-08-17 15:20:52 - Starting C:\Program Files\nodejs\node.exe  --harmony --max_old_space_size=4096 C:\Users\User\Documents\Projects\APHL\Github\data-monitoring-client\node_modules\node-windows\lib\wrapper.js --file C:\Users\User\Documents\Projects\APHL\Github\data-monitoring-client\src\server.js --scriptoptions= --log "Data Monitoring wrapper" --grow 0.25 --wait 1 --maxrestarts 3 --abortonerror n --stopparentfirst undefined
2020-08-17 15:20:52 - Started 11180
2020-08-17 15:24:03 - Stopping datamonitoring.exe
2020-08-17 15:24:03 - ProcessKill 11180
2020-08-17 15:24:03 - Found child process: 5192 Name: conhost.exe
2020-08-17 15:24:03 - Found child process: 13120 Name: node.exe
2020-08-17 15:24:03 - Stopping process 5192
2020-08-17 15:24:03 - Send SIGINT 5192
2020-08-17 15:24:03 - SIGINT to 5192 failed - Killing as fallback
2020-08-17 15:24:04 - Stopping process 13120
2020-08-17 15:24:04 - Send SIGINT 13120
2020-08-17 15:24:04 - SIGINT to 13120 failed - Killing as fallback
2020-08-17 15:24:04 - Stopping process 11180
2020-08-17 15:24:04 - Send SIGINT 11180
2020-08-17 15:24:04 - SIGINT to 11180 failed - Killing as fallback
2020-08-17 15:24:04 - Finished datamonitoring.exe
2020-08-17 15:24:05 - Starting C:\Program Files\nodejs\node.exe  --harmony --max_old_space_size=4096 C:\Users\User\Documents\Projects\APHL\Github\data-monitoring-client\node_modules\node-windows\lib\wrapper.js --file C:\Users\User\Documents\Projects\APHL\Github\data-monitoring-client\src\server.js --scriptoptions= --log "Data Monitoring wrapper" --grow 0.25 --wait 1 --maxrestarts 3 --abortonerror n --stopparentfirst undefined
2020-08-17 15:24:05 - Started 20516
2020-08-17 15:44:12 - Stopping datamonitoring.exe
2020-08-17 15:44:12 - ProcessKill 20516
2020-08-17 15:44:12 - Found child process: 1948 Name: conhost.exe
2020-08-17 15:44:12 - Found child process: 12000 Name: node.exe
2020-08-17 15:44:12 - Stopping process 1948
2020-08-17 15:44:12 - Send SIGINT 1948
2020-08-17 15:44:12 - SIGINT to 1948 failed - Killing as fallback
2020-08-17 15:44:12 - Stopping process 12000
2020-08-17 15:44:12 - Send SIGINT 12000
2020-08-17 15:44:12 - SIGINT to 12000 failed - Killing as fallback
2020-08-17 15:44:12 - Stopping process 20516
2020-08-17 15:44:12 - Send SIGINT 20516
2020-08-17 15:44:12 - SIGINT to 20516 failed - Killing as fallback
2020-08-17 15:44:12 - Finished datamonitoring.exe
2020-08-17 15:44:13 - Starting C:\Program Files\nodejs\node.exe  --harmony --max_old_space_size=4096 C:\Users\User\Documents\Projects\APHL\Github\data-monitoring-client\node_modules\node-windows\lib\wrapper.js --file C:\Users\User\Documents\Projects\APHL\Github\data-monitoring-client\src\server.js --scriptoptions= --log "Data Monitoring wrapper" --grow 0.25 --wait 1 --maxrestarts 3 --abortonerror n --stopparentfirst undefined
2020-08-17 15:44:13 - Started 18752
