2020-09-15 14:54:08 - Starting C:\Program Files\nodejs\node.exe  --harmony --max_old_space_size=4096 C:\Users\User\Documents\Projects\APHL\Github\data-monitoring-client\node_modules\node-windows\lib\wrapper.js --file C:\Users\User\Documents\Projects\APHL\Github\data-monitoring-client\src\server.js --scriptoptions= --log "Server Monitoring wrapper" --grow 0.25 --wait 1 --maxrestarts 3 --abortonerror n --stopparentfirst undefined
2020-09-15 14:54:08 - Started 22560
2020-09-15 14:56:06 - Stopping servermonitoring.exe
2020-09-15 14:56:06 - ProcessKill 22560
2020-09-15 14:56:06 - Found child process: 24964 Name: conhost.exe
2020-09-15 14:56:06 - Found child process: 21348 Name: node.exe
2020-09-15 14:56:06 - Stopping process 24964
2020-09-15 14:56:06 - Send SIGINT 24964
2020-09-15 14:56:06 - SIGINT to 24964 failed - Killing as fallback
2020-09-15 14:56:06 - Found child process: 10660 Name: cmd.exe
2020-09-15 14:56:06 - Found child process: 13144 Name: conhost.exe
2020-09-15 14:56:06 - Found child process: 25544 Name: WMIC.exe
2020-09-15 14:56:07 - Stopping process 13144
2020-09-15 14:56:07 - Process 13144 is already stopped
2020-09-15 14:56:07 - Stopping process 25544
2020-09-15 14:56:07 - Process 25544 is already stopped
2020-09-15 14:56:07 - Stopping process 10660
2020-09-15 14:56:07 - Process 10660 is already stopped
2020-09-15 14:56:07 - Stopping process 21348
2020-09-15 14:56:07 - Send SIGINT 21348
2020-09-15 14:56:07 - SIGINT to 21348 failed - Killing as fallback
2020-09-15 14:56:07 - Stopping process 22560
2020-09-15 14:56:07 - Send SIGINT 22560
2020-09-15 14:56:07 - SIGINT to 22560 failed - Killing as fallback
2020-09-15 14:56:07 - Finished servermonitoring.exe
2020-09-15 15:02:10 - Starting C:\Program Files\nodejs\node.exe  --harmony --max_old_space_size=4096 C:\Users\User\Documents\Projects\APHL\Github\data-monitoring-client\node_modules\node-windows\lib\wrapper.js --file C:\Users\User\Documents\Projects\APHL\Github\data-monitoring-client\src\server.js --scriptoptions= --log "Server Monitoring wrapper" --grow 0.25 --wait 1 --maxrestarts 3 --abortonerror n --stopparentfirst undefined
2020-09-15 15:02:10 - Started 15376
